2022-10-01 00:53:16,487 WARN ScalaTest-run org.apache.hadoop.util.NativeCodeLoader - Unable to load native-hadoop library for your platform... using builtin-java classes where applicable
2022-10-01 00:53:17,363 WARN ScalaTest-run org.apache.spark.util.Utils - Service 'SparkUI' could not bind on port 4040. Attempting port 4041.
2022-10-01 00:54:12,360 WARN pool-1-thread-1 org.apache.hadoop.util.NativeCodeLoader - Unable to load native-hadoop library for your platform... using builtin-java classes where applicable
2022-10-01 00:54:12,848 WARN pool-1-thread-1 org.apache.spark.util.Utils - Service 'SparkUI' could not bind on port 4040. Attempting port 4041.
2022-10-01 00:54:14,557 WARN pool-1-thread-1 org.apache.spark.util.Utils - Service 'SparkUI' could not bind on port 4040. Attempting port 4041.
2022-10-01 00:54:14,623 WARN pool-1-thread-1-ScalaTest-running-LoadRddRawDataTest org.apache.spark.SparkContext - Using an existing SparkContext; some configuration may not take effect.
2022-10-01 00:54:19,153 WARN pool-1-thread-1-ScalaTest-running-LoadRddRawDataTest org.apache.spark.util.Utils - Truncated the string representation of a plan since it was too large. This behavior can be adjusted by setting 'spark.debug.maxToStringFields' in SparkEnv.conf.
2022-10-01 00:54:25,843 WARN pool-1-thread-1-ScalaTest-running-FeatureConstructionTest org.apache.spark.util.Utils - Service 'SparkUI' could not bind on port 4040. Attempting port 4041.
2022-10-01 00:54:26,213 WARN pool-1-thread-1-ScalaTest-running-FeatureConstructionTest org.apache.spark.util.Utils - Service 'SparkUI' could not bind on port 4040. Attempting port 4041.
2022-10-01 00:54:26,482 WARN pool-1-thread-1-ScalaTest-running-FeatureConstructionTest org.apache.spark.util.Utils - Service 'SparkUI' could not bind on port 4040. Attempting port 4041.
2022-10-01 00:54:26,724 WARN pool-1-thread-1-ScalaTest-running-FeatureConstructionTest org.apache.spark.util.Utils - Service 'SparkUI' could not bind on port 4040. Attempting port 4041.
2022-10-01 00:54:26,966 WARN pool-1-thread-1-ScalaTest-running-FeatureConstructionTest org.apache.spark.util.Utils - Service 'SparkUI' could not bind on port 4040. Attempting port 4041.
2022-10-01 00:54:27,207 WARN pool-1-thread-1-ScalaTest-running-FeatureConstructionTest org.apache.spark.util.Utils - Service 'SparkUI' could not bind on port 4040. Attempting port 4041.
2022-10-01 00:54:27,398 WARN pool-1-thread-1-ScalaTest-running-FeatureConstructionTest org.apache.spark.util.Utils - Service 'SparkUI' could not bind on port 4040. Attempting port 4041.
2022-10-01 00:54:27,553 WARN pool-1-thread-1-ScalaTest-running-FeatureConstructionTest org.apache.spark.util.Utils - Service 'SparkUI' could not bind on port 4040. Attempting port 4041.
2022-10-01 00:54:27,716 WARN pool-1-thread-1-ScalaTest-running-FeatureConstructionTest org.apache.spark.util.Utils - Service 'SparkUI' could not bind on port 4040. Attempting port 4041.
2022-10-01 00:54:27,884 WARN pool-1-thread-1-ScalaTest-running-FeatureConstructionTest org.apache.spark.util.Utils - Service 'SparkUI' could not bind on port 4040. Attempting port 4041.
2022-10-01 00:54:28,149 WARN pool-1-thread-1-ScalaTest-running-FeatureConstructionTest org.apache.spark.util.Utils - Service 'SparkUI' could not bind on port 4040. Attempting port 4041.
2022-10-01 00:54:28,342 WARN pool-1-thread-1-ScalaTest-running-FeatureConstructionTest org.apache.spark.util.Utils - Service 'SparkUI' could not bind on port 4040. Attempting port 4041.
2022-10-01 00:54:28,570 WARN pool-1-thread-1-ScalaTest-running-FeatureConstructionTest org.apache.spark.util.Utils - Service 'SparkUI' could not bind on port 4040. Attempting port 4041.
2022-10-01 00:54:28,810 WARN pool-1-thread-1-ScalaTest-running-FeatureConstructionTest org.apache.spark.util.Utils - Service 'SparkUI' could not bind on port 4040. Attempting port 4041.
2022-10-01 00:54:29,004 WARN pool-1-thread-1-ScalaTest-running-FeatureConstructionTest org.apache.spark.util.Utils - Service 'SparkUI' could not bind on port 4040. Attempting port 4041.
2022-10-01 00:54:29,280 WARN pool-1-thread-1-ScalaTest-running-FeatureConstructionTest org.apache.spark.util.Utils - Service 'SparkUI' could not bind on port 4040. Attempting port 4041.
2022-10-01 00:54:29,766 WARN pool-1-thread-1-ScalaTest-running-FeatureConstructionTest org.apache.spark.util.Utils - Service 'SparkUI' could not bind on port 4040. Attempting port 4041.
2022-10-01 00:54:30,066 WARN pool-1-thread-1-ScalaTest-running-T2dmPhenotypeTest org.apache.spark.util.Utils - Service 'SparkUI' could not bind on port 4040. Attempting port 4041.
2022-10-01 00:54:42,407 WARN pool-1-thread-1-ScalaTest-running-T2dmPhenotypeTest org.apache.spark.util.Utils - Service 'SparkUI' could not bind on port 4040. Attempting port 4041.
2022-10-01 00:55:03,438 WARN main org.apache.hadoop.util.NativeCodeLoader - Unable to load native-hadoop library for your platform... using builtin-java classes where applicable
2022-10-01 00:55:03,995 WARN main org.apache.spark.util.Utils - Service 'SparkUI' could not bind on port 4040. Attempting port 4041.
2022-10-01 00:55:09,773 WARN main org.apache.spark.util.Utils - Truncated the string representation of a plan since it was too large. This behavior can be adjusted by setting 'spark.debug.maxToStringFields' in SparkEnv.conf.
2022-10-01 00:55:32,015 INFO Executor task launch worker for task 1121 com.github.fommil.jni.JniLoader - successfully loaded /var/folders/0m/sgtzvrmn15x_v19s80cfb06r0000gn/T/jniloader6994121382221584296netlib-native_system-osx-x86_64.jnilib
2022-10-01 00:55:32,431 INFO main com.github.fommil.jni.JniLoader - already loaded netlib-native_system-osx-x86_64.jnilib
2022-10-01 00:55:32,901 WARN main org.apache.spark.mllib.clustering.KMeans - The input data is not directly cached, which may hurt performance if its parent RDDs are also uncached.
2022-10-01 00:55:35,516 WARN main org.apache.spark.mllib.clustering.KMeans - The input data was not directly cached, which may hurt performance if its parent RDDs are also uncached.
2022-10-01 00:55:41,436 WARN main org.apache.spark.mllib.clustering.KMeans - The input data is not directly cached, which may hurt performance if its parent RDDs are also uncached.
2022-10-01 00:55:42,472 WARN main org.apache.spark.mllib.clustering.KMeans - The input data was not directly cached, which may hurt performance if its parent RDDs are also uncached.
2022-10-01 01:05:55,911 WARN main org.apache.hadoop.util.NativeCodeLoader - Unable to load native-hadoop library for your platform... using builtin-java classes where applicable
2022-10-01 01:05:56,474 WARN main org.apache.spark.util.Utils - Service 'SparkUI' could not bind on port 4040. Attempting port 4041.
2022-10-01 01:06:02,187 WARN main org.apache.spark.util.Utils - Truncated the string representation of a plan since it was too large. This behavior can be adjusted by setting 'spark.debug.maxToStringFields' in SparkEnv.conf.
2022-10-01 01:06:24,899 INFO Executor task launch worker for task 1115 com.github.fommil.jni.JniLoader - successfully loaded /var/folders/0m/sgtzvrmn15x_v19s80cfb06r0000gn/T/jniloader2916868011867591962netlib-native_system-osx-x86_64.jnilib
2022-10-01 01:06:25,331 INFO main com.github.fommil.jni.JniLoader - already loaded netlib-native_system-osx-x86_64.jnilib
2022-10-01 01:06:25,826 WARN main org.apache.spark.mllib.clustering.KMeans - The input data is not directly cached, which may hurt performance if its parent RDDs are also uncached.
2022-10-01 01:06:28,011 WARN main org.apache.spark.mllib.clustering.KMeans - The input data was not directly cached, which may hurt performance if its parent RDDs are also uncached.
2022-10-01 01:06:34,090 WARN main org.apache.spark.mllib.clustering.KMeans - The input data is not directly cached, which may hurt performance if its parent RDDs are also uncached.
2022-10-01 01:06:34,775 WARN main org.apache.spark.mllib.clustering.KMeans - The input data was not directly cached, which may hurt performance if its parent RDDs are also uncached.
2022-10-01 01:07:13,784 WARN main org.apache.hadoop.util.NativeCodeLoader - Unable to load native-hadoop library for your platform... using builtin-java classes where applicable
2022-10-01 01:07:14,258 WARN main org.apache.spark.util.Utils - Service 'SparkUI' could not bind on port 4040. Attempting port 4041.
2022-10-01 01:07:19,444 WARN main org.apache.spark.util.Utils - Truncated the string representation of a plan since it was too large. This behavior can be adjusted by setting 'spark.debug.maxToStringFields' in SparkEnv.conf.
2022-10-01 01:07:41,680 INFO Executor task launch worker for task 1121 com.github.fommil.jni.JniLoader - successfully loaded /var/folders/0m/sgtzvrmn15x_v19s80cfb06r0000gn/T/jniloader5704598170608601115netlib-native_system-osx-x86_64.jnilib
2022-10-01 01:07:42,022 INFO main com.github.fommil.jni.JniLoader - already loaded netlib-native_system-osx-x86_64.jnilib
2022-10-01 01:07:42,306 WARN main org.apache.spark.mllib.clustering.KMeans - The input data is not directly cached, which may hurt performance if its parent RDDs are also uncached.
2022-10-01 01:07:44,263 WARN main org.apache.spark.mllib.clustering.KMeans - The input data was not directly cached, which may hurt performance if its parent RDDs are also uncached.
2022-10-01 01:07:50,136 WARN main org.apache.spark.mllib.clustering.KMeans - The input data is not directly cached, which may hurt performance if its parent RDDs are also uncached.
2022-10-01 01:07:50,869 WARN main org.apache.spark.mllib.clustering.KMeans - The input data was not directly cached, which may hurt performance if its parent RDDs are also uncached.
2022-10-01 01:08:40,167 WARN main org.apache.hadoop.util.NativeCodeLoader - Unable to load native-hadoop library for your platform... using builtin-java classes where applicable
2022-10-01 01:08:40,719 WARN main org.apache.spark.util.Utils - Service 'SparkUI' could not bind on port 4040. Attempting port 4041.
2022-10-01 01:08:46,377 WARN main org.apache.spark.util.Utils - Truncated the string representation of a plan since it was too large. This behavior can be adjusted by setting 'spark.debug.maxToStringFields' in SparkEnv.conf.
2022-10-01 01:09:07,452 INFO Executor task launch worker for task 1115 com.github.fommil.jni.JniLoader - successfully loaded /var/folders/0m/sgtzvrmn15x_v19s80cfb06r0000gn/T/jniloader7244864154595017607netlib-native_system-osx-x86_64.jnilib
2022-10-01 01:09:07,847 INFO main com.github.fommil.jni.JniLoader - already loaded netlib-native_system-osx-x86_64.jnilib
2022-10-01 01:09:08,112 WARN main org.apache.spark.mllib.clustering.KMeans - The input data is not directly cached, which may hurt performance if its parent RDDs are also uncached.
2022-10-01 01:09:10,316 WARN main org.apache.spark.mllib.clustering.KMeans - The input data was not directly cached, which may hurt performance if its parent RDDs are also uncached.
2022-10-01 01:09:15,382 WARN main org.apache.spark.mllib.clustering.KMeans - The input data is not directly cached, which may hurt performance if its parent RDDs are also uncached.
2022-10-01 01:09:16,297 WARN main org.apache.spark.mllib.clustering.KMeans - The input data was not directly cached, which may hurt performance if its parent RDDs are also uncached.
2022-10-01 01:14:42,476 WARN main org.apache.hadoop.util.NativeCodeLoader - Unable to load native-hadoop library for your platform... using builtin-java classes where applicable
2022-10-01 01:14:43,047 WARN main org.apache.spark.util.Utils - Service 'SparkUI' could not bind on port 4040. Attempting port 4041.
2022-10-01 01:14:48,734 WARN main org.apache.spark.util.Utils - Truncated the string representation of a plan since it was too large. This behavior can be adjusted by setting 'spark.debug.maxToStringFields' in SparkEnv.conf.
2022-10-01 01:15:10,214 INFO Executor task launch worker for task 1121 com.github.fommil.jni.JniLoader - successfully loaded /var/folders/0m/sgtzvrmn15x_v19s80cfb06r0000gn/T/jniloader5552006463893994372netlib-native_system-osx-x86_64.jnilib
2022-10-01 01:15:10,577 INFO main com.github.fommil.jni.JniLoader - already loaded netlib-native_system-osx-x86_64.jnilib
2022-10-01 01:15:11,480 WARN main org.apache.spark.mllib.clustering.KMeans - The input data is not directly cached, which may hurt performance if its parent RDDs are also uncached.
2022-10-01 01:15:13,310 WARN main org.apache.spark.mllib.clustering.KMeans - The input data was not directly cached, which may hurt performance if its parent RDDs are also uncached.
2022-10-01 01:15:18,773 WARN main org.apache.spark.mllib.clustering.KMeans - The input data is not directly cached, which may hurt performance if its parent RDDs are also uncached.
2022-10-01 01:15:19,670 WARN main org.apache.spark.mllib.clustering.KMeans - The input data was not directly cached, which may hurt performance if its parent RDDs are also uncached.
2022-10-01 01:16:32,217 WARN main org.apache.hadoop.util.NativeCodeLoader - Unable to load native-hadoop library for your platform... using builtin-java classes where applicable
2022-10-01 01:16:32,690 WARN main org.apache.spark.util.Utils - Service 'SparkUI' could not bind on port 4040. Attempting port 4041.
2022-10-01 01:16:38,237 WARN main org.apache.spark.util.Utils - Truncated the string representation of a plan since it was too large. This behavior can be adjusted by setting 'spark.debug.maxToStringFields' in SparkEnv.conf.
2022-10-01 01:16:59,870 INFO Executor task launch worker for task 1115 com.github.fommil.jni.JniLoader - successfully loaded /var/folders/0m/sgtzvrmn15x_v19s80cfb06r0000gn/T/jniloader8841035987599203662netlib-native_system-osx-x86_64.jnilib
2022-10-01 01:17:00,229 INFO main com.github.fommil.jni.JniLoader - already loaded netlib-native_system-osx-x86_64.jnilib
2022-10-01 01:17:01,059 WARN main org.apache.spark.mllib.clustering.KMeans - The input data is not directly cached, which may hurt performance if its parent RDDs are also uncached.
2022-10-01 01:17:02,984 WARN main org.apache.spark.mllib.clustering.KMeans - The input data was not directly cached, which may hurt performance if its parent RDDs are also uncached.
2022-10-01 01:17:08,685 WARN main org.apache.spark.mllib.clustering.KMeans - The input data is not directly cached, which may hurt performance if its parent RDDs are also uncached.
2022-10-01 01:17:09,597 WARN main org.apache.spark.mllib.clustering.KMeans - The input data was not directly cached, which may hurt performance if its parent RDDs are also uncached.
2022-10-01 01:41:39,161 WARN main org.apache.hadoop.util.NativeCodeLoader - Unable to load native-hadoop library for your platform... using builtin-java classes where applicable
2022-10-01 01:41:39,749 WARN main org.apache.spark.util.Utils - Service 'SparkUI' could not bind on port 4040. Attempting port 4041.
2022-10-01 01:41:45,578 WARN main org.apache.spark.util.Utils - Truncated the string representation of a plan since it was too large. This behavior can be adjusted by setting 'spark.debug.maxToStringFields' in SparkEnv.conf.
2022-10-01 01:42:06,291 INFO Executor task launch worker for task 1120 com.github.fommil.jni.JniLoader - successfully loaded /var/folders/0m/sgtzvrmn15x_v19s80cfb06r0000gn/T/jniloader3257848599345136788netlib-native_system-osx-x86_64.jnilib
2022-10-01 01:42:06,714 INFO main com.github.fommil.jni.JniLoader - already loaded netlib-native_system-osx-x86_64.jnilib
2022-10-01 01:42:07,056 WARN main org.apache.spark.mllib.clustering.KMeans - The input data is not directly cached, which may hurt performance if its parent RDDs are also uncached.
2022-10-01 01:42:09,134 WARN main org.apache.spark.mllib.clustering.KMeans - The input data was not directly cached, which may hurt performance if its parent RDDs are also uncached.
2022-10-01 01:42:18,698 WARN main org.apache.spark.mllib.clustering.KMeans - The input data is not directly cached, which may hurt performance if its parent RDDs are also uncached.
2022-10-01 01:42:19,227 WARN main org.apache.spark.mllib.clustering.KMeans - The input data was not directly cached, which may hurt performance if its parent RDDs are also uncached.
2022-10-01 01:47:39,653 WARN main org.apache.hadoop.util.NativeCodeLoader - Unable to load native-hadoop library for your platform... using builtin-java classes where applicable
2022-10-01 01:47:40,214 WARN main org.apache.spark.util.Utils - Service 'SparkUI' could not bind on port 4040. Attempting port 4041.
2022-10-01 01:47:45,948 WARN main org.apache.spark.util.Utils - Truncated the string representation of a plan since it was too large. This behavior can be adjusted by setting 'spark.debug.maxToStringFields' in SparkEnv.conf.
2022-10-01 01:48:08,130 INFO Executor task launch worker for task 1120 com.github.fommil.jni.JniLoader - successfully loaded /var/folders/0m/sgtzvrmn15x_v19s80cfb06r0000gn/T/jniloader4995659193897826157netlib-native_system-osx-x86_64.jnilib
2022-10-01 01:48:08,510 INFO main com.github.fommil.jni.JniLoader - already loaded netlib-native_system-osx-x86_64.jnilib
2022-10-01 01:48:09,014 WARN main org.apache.spark.mllib.clustering.KMeans - The input data is not directly cached, which may hurt performance if its parent RDDs are also uncached.
2022-10-01 01:48:10,895 WARN main org.apache.spark.mllib.clustering.KMeans - The input data was not directly cached, which may hurt performance if its parent RDDs are also uncached.
2022-10-01 01:48:21,269 WARN main org.apache.spark.mllib.clustering.KMeans - The input data is not directly cached, which may hurt performance if its parent RDDs are also uncached.
2022-10-01 01:48:21,946 WARN main org.apache.spark.mllib.clustering.KMeans - The input data was not directly cached, which may hurt performance if its parent RDDs are also uncached.
2022-10-01 01:49:46,460 WARN main org.apache.hadoop.util.NativeCodeLoader - Unable to load native-hadoop library for your platform... using builtin-java classes where applicable
2022-10-01 01:49:46,959 WARN main org.apache.spark.util.Utils - Service 'SparkUI' could not bind on port 4040. Attempting port 4041.
2022-10-01 01:49:52,414 WARN main org.apache.spark.util.Utils - Truncated the string representation of a plan since it was too large. This behavior can be adjusted by setting 'spark.debug.maxToStringFields' in SparkEnv.conf.
2022-10-01 01:50:14,722 INFO Executor task launch worker for task 1115 com.github.fommil.jni.JniLoader - successfully loaded /var/folders/0m/sgtzvrmn15x_v19s80cfb06r0000gn/T/jniloader7686322607445725811netlib-native_system-osx-x86_64.jnilib
2022-10-01 01:50:15,032 INFO main com.github.fommil.jni.JniLoader - already loaded netlib-native_system-osx-x86_64.jnilib
2022-10-01 01:50:15,347 WARN main org.apache.spark.mllib.clustering.KMeans - The input data is not directly cached, which may hurt performance if its parent RDDs are also uncached.
2022-10-01 01:50:17,239 WARN main org.apache.spark.mllib.clustering.KMeans - The input data was not directly cached, which may hurt performance if its parent RDDs are also uncached.
2022-10-01 01:50:28,097 WARN main org.apache.spark.mllib.clustering.KMeans - The input data is not directly cached, which may hurt performance if its parent RDDs are also uncached.
2022-10-01 01:50:28,536 WARN main org.apache.spark.mllib.clustering.KMeans - The input data was not directly cached, which may hurt performance if its parent RDDs are also uncached.
2022-10-01 02:13:09,595 WARN main org.apache.hadoop.util.NativeCodeLoader - Unable to load native-hadoop library for your platform... using builtin-java classes where applicable
2022-10-01 02:13:10,144 WARN main org.apache.spark.util.Utils - Service 'SparkUI' could not bind on port 4040. Attempting port 4041.
2022-10-01 02:13:15,872 WARN main org.apache.spark.util.Utils - Truncated the string representation of a plan since it was too large. This behavior can be adjusted by setting 'spark.debug.maxToStringFields' in SparkEnv.conf.
2022-10-01 02:13:37,436 INFO Executor task launch worker for task 1116 com.github.fommil.jni.JniLoader - successfully loaded /var/folders/0m/sgtzvrmn15x_v19s80cfb06r0000gn/T/jniloader8524024640745116622netlib-native_system-osx-x86_64.jnilib
2022-10-01 02:13:37,878 INFO main com.github.fommil.jni.JniLoader - already loaded netlib-native_system-osx-x86_64.jnilib
2022-10-01 02:13:38,386 WARN main org.apache.spark.mllib.clustering.KMeans - The input data is not directly cached, which may hurt performance if its parent RDDs are also uncached.
2022-10-01 02:13:40,192 WARN main org.apache.spark.mllib.clustering.KMeans - The input data was not directly cached, which may hurt performance if its parent RDDs are also uncached.
2022-10-01 02:13:52,160 WARN main org.apache.spark.mllib.clustering.KMeans - The input data is not directly cached, which may hurt performance if its parent RDDs are also uncached.
2022-10-01 02:13:52,737 WARN main org.apache.spark.mllib.clustering.KMeans - The input data was not directly cached, which may hurt performance if its parent RDDs are also uncached.
2022-10-01 02:15:01,931 WARN main org.apache.hadoop.util.NativeCodeLoader - Unable to load native-hadoop library for your platform... using builtin-java classes where applicable
2022-10-01 02:15:02,409 WARN main org.apache.spark.util.Utils - Service 'SparkUI' could not bind on port 4040. Attempting port 4041.
2022-10-01 02:15:08,105 WARN main org.apache.spark.util.Utils - Truncated the string representation of a plan since it was too large. This behavior can be adjusted by setting 'spark.debug.maxToStringFields' in SparkEnv.conf.
2022-10-01 02:15:30,069 INFO Executor task launch worker for task 1121 com.github.fommil.jni.JniLoader - successfully loaded /var/folders/0m/sgtzvrmn15x_v19s80cfb06r0000gn/T/jniloader3879594058744959406netlib-native_system-osx-x86_64.jnilib
2022-10-01 02:15:30,498 INFO main com.github.fommil.jni.JniLoader - already loaded netlib-native_system-osx-x86_64.jnilib
2022-10-01 02:15:30,873 WARN main org.apache.spark.mllib.clustering.KMeans - The input data is not directly cached, which may hurt performance if its parent RDDs are also uncached.
2022-10-01 02:15:32,996 WARN main org.apache.spark.mllib.clustering.KMeans - The input data was not directly cached, which may hurt performance if its parent RDDs are also uncached.
2022-10-01 02:15:44,829 WARN main org.apache.spark.mllib.clustering.KMeans - The input data is not directly cached, which may hurt performance if its parent RDDs are also uncached.
2022-10-01 02:15:45,344 WARN main org.apache.spark.mllib.clustering.KMeans - The input data was not directly cached, which may hurt performance if its parent RDDs are also uncached.
2022-10-01 11:54:24,459 WARN main org.apache.hadoop.util.NativeCodeLoader - Unable to load native-hadoop library for your platform... using builtin-java classes where applicable
2022-10-01 11:54:25,113 WARN main org.apache.spark.util.Utils - Service 'SparkUI' could not bind on port 4040. Attempting port 4041.
2022-10-01 11:54:31,562 WARN main org.apache.spark.util.Utils - Truncated the string representation of a plan since it was too large. This behavior can be adjusted by setting 'spark.debug.maxToStringFields' in SparkEnv.conf.
2022-10-01 11:54:55,673 INFO Executor task launch worker for task 1120 com.github.fommil.jni.JniLoader - successfully loaded /var/folders/0m/sgtzvrmn15x_v19s80cfb06r0000gn/T/jniloader3515074421107148382netlib-native_system-osx-x86_64.jnilib
2022-10-01 11:54:56,100 INFO main com.github.fommil.jni.JniLoader - already loaded netlib-native_system-osx-x86_64.jnilib
2022-10-01 11:54:56,423 WARN main org.apache.spark.mllib.clustering.KMeans - The input data is not directly cached, which may hurt performance if its parent RDDs are also uncached.
2022-10-01 11:54:58,125 WARN main org.apache.spark.mllib.clustering.KMeans - The input data was not directly cached, which may hurt performance if its parent RDDs are also uncached.
2022-10-01 11:55:11,267 WARN main org.apache.spark.mllib.clustering.KMeans - The input data is not directly cached, which may hurt performance if its parent RDDs are also uncached.
2022-10-01 11:55:11,818 WARN main org.apache.spark.mllib.clustering.KMeans - The input data was not directly cached, which may hurt performance if its parent RDDs are also uncached.
2022-10-01 12:38:14,195 WARN main org.apache.hadoop.util.NativeCodeLoader - Unable to load native-hadoop library for your platform... using builtin-java classes where applicable
2022-10-01 12:38:20,459 WARN main org.apache.spark.util.Utils - Truncated the string representation of a plan since it was too large. This behavior can be adjusted by setting 'spark.debug.maxToStringFields' in SparkEnv.conf.
2022-10-01 12:38:41,935 INFO Executor task launch worker for task 1119 com.github.fommil.jni.JniLoader - successfully loaded /var/folders/0m/sgtzvrmn15x_v19s80cfb06r0000gn/T/jniloader6101083326831506437netlib-native_system-osx-x86_64.jnilib
2022-10-01 12:38:42,284 INFO main com.github.fommil.jni.JniLoader - already loaded netlib-native_system-osx-x86_64.jnilib
2022-10-01 12:38:42,362 WARN main org.apache.spark.mllib.clustering.KMeans - The input data is not directly cached, which may hurt performance if its parent RDDs are also uncached.
2022-10-01 12:38:44,362 WARN main org.apache.spark.mllib.clustering.KMeans - The input data was not directly cached, which may hurt performance if its parent RDDs are also uncached.
2022-10-01 12:38:54,184 WARN main org.apache.spark.mllib.clustering.KMeans - The input data is not directly cached, which may hurt performance if its parent RDDs are also uncached.
2022-10-01 12:38:54,775 WARN main org.apache.spark.mllib.clustering.KMeans - The input data was not directly cached, which may hurt performance if its parent RDDs are also uncached.
2022-10-01 13:09:15,425 WARN pool-1-thread-1 org.apache.hadoop.util.NativeCodeLoader - Unable to load native-hadoop library for your platform... using builtin-java classes where applicable
2022-10-01 13:09:17,839 WARN pool-1-thread-1-ScalaTest-running-LoadRddRawDataTest org.apache.spark.SparkContext - Using an existing SparkContext; some configuration may not take effect.
2022-10-01 13:09:22,255 WARN pool-1-thread-1-ScalaTest-running-LoadRddRawDataTest org.apache.spark.util.Utils - Truncated the string representation of a plan since it was too large. This behavior can be adjusted by setting 'spark.debug.maxToStringFields' in SparkEnv.conf.
2022-10-01 13:15:08,222 WARN pool-1-thread-1 org.apache.hadoop.util.NativeCodeLoader - Unable to load native-hadoop library for your platform... using builtin-java classes where applicable
2022-10-01 13:15:10,510 WARN pool-1-thread-1-ScalaTest-running-LoadRddRawDataTest org.apache.spark.SparkContext - Using an existing SparkContext; some configuration may not take effect.
2022-10-01 13:15:14,837 WARN pool-1-thread-1-ScalaTest-running-LoadRddRawDataTest org.apache.spark.util.Utils - Truncated the string representation of a plan since it was too large. This behavior can be adjusted by setting 'spark.debug.maxToStringFields' in SparkEnv.conf.
2022-10-01 13:15:57,620 WARN main org.apache.hadoop.util.NativeCodeLoader - Unable to load native-hadoop library for your platform... using builtin-java classes where applicable
2022-10-01 13:16:03,628 WARN main org.apache.spark.util.Utils - Truncated the string representation of a plan since it was too large. This behavior can be adjusted by setting 'spark.debug.maxToStringFields' in SparkEnv.conf.
2022-10-01 13:16:24,809 INFO Executor task launch worker for task 1115 com.github.fommil.jni.JniLoader - successfully loaded /var/folders/0m/sgtzvrmn15x_v19s80cfb06r0000gn/T/jniloader8898299602376059984netlib-native_system-osx-x86_64.jnilib
2022-10-01 13:16:25,277 INFO main com.github.fommil.jni.JniLoader - already loaded netlib-native_system-osx-x86_64.jnilib
2022-10-01 13:16:25,336 WARN main org.apache.spark.mllib.clustering.KMeans - The input data is not directly cached, which may hurt performance if its parent RDDs are also uncached.
2022-10-01 13:16:27,397 WARN main org.apache.spark.mllib.clustering.KMeans - The input data was not directly cached, which may hurt performance if its parent RDDs are also uncached.
2022-10-01 13:16:37,058 WARN main org.apache.spark.mllib.clustering.KMeans - The input data is not directly cached, which may hurt performance if its parent RDDs are also uncached.
2022-10-01 13:16:37,695 WARN main org.apache.spark.mllib.clustering.KMeans - The input data was not directly cached, which may hurt performance if its parent RDDs are also uncached.
2022-10-01 13:42:13,022 WARN main org.apache.hadoop.util.NativeCodeLoader - Unable to load native-hadoop library for your platform... using builtin-java classes where applicable
2022-10-01 13:42:19,436 WARN main org.apache.spark.util.Utils - Truncated the string representation of a plan since it was too large. This behavior can be adjusted by setting 'spark.debug.maxToStringFields' in SparkEnv.conf.
2022-10-01 13:42:40,742 INFO Executor task launch worker for task 1122 com.github.fommil.jni.JniLoader - successfully loaded /var/folders/0m/sgtzvrmn15x_v19s80cfb06r0000gn/T/jniloader2859960408646671804netlib-native_system-osx-x86_64.jnilib
2022-10-01 13:42:41,221 INFO main com.github.fommil.jni.JniLoader - already loaded netlib-native_system-osx-x86_64.jnilib
2022-10-01 13:42:41,272 WARN main org.apache.spark.mllib.clustering.KMeans - The input data is not directly cached, which may hurt performance if its parent RDDs are also uncached.
2022-10-01 13:42:42,844 WARN main org.apache.spark.mllib.clustering.KMeans - The input data was not directly cached, which may hurt performance if its parent RDDs are also uncached.
2022-10-01 13:42:53,122 WARN main org.apache.spark.mllib.clustering.KMeans - The input data is not directly cached, which may hurt performance if its parent RDDs are also uncached.
2022-10-01 13:42:53,590 WARN main org.apache.spark.mllib.clustering.KMeans - The input data was not directly cached, which may hurt performance if its parent RDDs are also uncached.
2022-10-01 15:39:41,627 WARN main org.apache.hadoop.util.NativeCodeLoader - Unable to load native-hadoop library for your platform... using builtin-java classes where applicable
2022-10-01 15:39:47,862 WARN main org.apache.spark.util.Utils - Truncated the string representation of a plan since it was too large. This behavior can be adjusted by setting 'spark.debug.maxToStringFields' in SparkEnv.conf.
2022-10-01 15:40:09,620 INFO Executor task launch worker for task 1121 com.github.fommil.jni.JniLoader - successfully loaded /var/folders/0m/sgtzvrmn15x_v19s80cfb06r0000gn/T/jniloader8406377476874949431netlib-native_system-osx-x86_64.jnilib
2022-10-01 15:40:10,042 INFO main com.github.fommil.jni.JniLoader - already loaded netlib-native_system-osx-x86_64.jnilib
2022-10-01 15:40:10,091 WARN main org.apache.spark.mllib.clustering.KMeans - The input data is not directly cached, which may hurt performance if its parent RDDs are also uncached.
2022-10-01 15:40:11,458 WARN main org.apache.spark.mllib.clustering.KMeans - The input data was not directly cached, which may hurt performance if its parent RDDs are also uncached.
2022-10-01 15:40:22,067 WARN main org.apache.spark.mllib.clustering.KMeans - The input data is not directly cached, which may hurt performance if its parent RDDs are also uncached.
2022-10-01 15:40:22,431 WARN main org.apache.spark.mllib.clustering.KMeans - The input data was not directly cached, which may hurt performance if its parent RDDs are also uncached.
2022-10-01 15:44:12,474 WARN main org.apache.hadoop.util.NativeCodeLoader - Unable to load native-hadoop library for your platform... using builtin-java classes where applicable
2022-10-01 15:44:18,857 WARN main org.apache.spark.util.Utils - Truncated the string representation of a plan since it was too large. This behavior can be adjusted by setting 'spark.debug.maxToStringFields' in SparkEnv.conf.
2022-10-01 15:44:40,198 INFO Executor task launch worker for task 1118 com.github.fommil.jni.JniLoader - successfully loaded /var/folders/0m/sgtzvrmn15x_v19s80cfb06r0000gn/T/jniloader4265114358080701668netlib-native_system-osx-x86_64.jnilib
2022-10-01 15:44:40,625 INFO main com.github.fommil.jni.JniLoader - already loaded netlib-native_system-osx-x86_64.jnilib
2022-10-01 15:44:40,658 WARN main org.apache.spark.mllib.clustering.KMeans - The input data is not directly cached, which may hurt performance if its parent RDDs are also uncached.
2022-10-01 15:44:42,502 WARN main org.apache.spark.mllib.clustering.KMeans - The input data was not directly cached, which may hurt performance if its parent RDDs are also uncached.
2022-10-01 15:44:57,860 WARN main org.apache.spark.mllib.clustering.KMeans - The input data is not directly cached, which may hurt performance if its parent RDDs are also uncached.
2022-10-01 15:44:58,494 WARN main org.apache.spark.mllib.clustering.KMeans - The input data was not directly cached, which may hurt performance if its parent RDDs are also uncached.
2022-10-01 15:46:21,878 WARN main org.apache.hadoop.util.NativeCodeLoader - Unable to load native-hadoop library for your platform... using builtin-java classes where applicable
2022-10-01 15:46:27,635 WARN main org.apache.spark.util.Utils - Truncated the string representation of a plan since it was too large. This behavior can be adjusted by setting 'spark.debug.maxToStringFields' in SparkEnv.conf.
2022-10-01 15:46:49,946 INFO Executor task launch worker for task 1120 com.github.fommil.jni.JniLoader - successfully loaded /var/folders/0m/sgtzvrmn15x_v19s80cfb06r0000gn/T/jniloader2567602998733453418netlib-native_system-osx-x86_64.jnilib
2022-10-01 15:46:50,305 INFO main com.github.fommil.jni.JniLoader - already loaded netlib-native_system-osx-x86_64.jnilib
2022-10-01 15:46:50,356 WARN main org.apache.spark.mllib.clustering.KMeans - The input data is not directly cached, which may hurt performance if its parent RDDs are also uncached.
2022-10-01 15:46:52,103 WARN main org.apache.spark.mllib.clustering.KMeans - The input data was not directly cached, which may hurt performance if its parent RDDs are also uncached.
2022-10-01 15:47:03,953 WARN main org.apache.spark.mllib.clustering.KMeans - The input data is not directly cached, which may hurt performance if its parent RDDs are also uncached.
2022-10-01 15:47:04,411 WARN main org.apache.spark.mllib.clustering.KMeans - The input data was not directly cached, which may hurt performance if its parent RDDs are also uncached.
2022-10-01 15:48:00,041 WARN main org.apache.hadoop.util.NativeCodeLoader - Unable to load native-hadoop library for your platform... using builtin-java classes where applicable
2022-10-01 15:48:05,734 WARN main org.apache.spark.util.Utils - Truncated the string representation of a plan since it was too large. This behavior can be adjusted by setting 'spark.debug.maxToStringFields' in SparkEnv.conf.
2022-10-01 15:48:27,296 INFO Executor task launch worker for task 1120 com.github.fommil.jni.JniLoader - successfully loaded /var/folders/0m/sgtzvrmn15x_v19s80cfb06r0000gn/T/jniloader6276439868622762542netlib-native_system-osx-x86_64.jnilib
2022-10-01 15:48:27,740 INFO main com.github.fommil.jni.JniLoader - already loaded netlib-native_system-osx-x86_64.jnilib
2022-10-01 15:48:27,776 WARN main org.apache.spark.mllib.clustering.KMeans - The input data is not directly cached, which may hurt performance if its parent RDDs are also uncached.
2022-10-01 15:48:29,679 WARN main org.apache.spark.mllib.clustering.KMeans - The input data was not directly cached, which may hurt performance if its parent RDDs are also uncached.
2022-10-01 15:48:41,650 WARN main org.apache.spark.mllib.clustering.KMeans - The input data is not directly cached, which may hurt performance if its parent RDDs are also uncached.
2022-10-01 15:48:42,168 WARN main org.apache.spark.mllib.clustering.KMeans - The input data was not directly cached, which may hurt performance if its parent RDDs are also uncached.
2022-10-01 15:51:09,263 WARN pool-1-thread-1 org.apache.hadoop.util.NativeCodeLoader - Unable to load native-hadoop library for your platform... using builtin-java classes where applicable
2022-10-01 15:51:11,876 WARN pool-1-thread-1-ScalaTest-running-LoadRddRawDataTest org.apache.spark.SparkContext - Using an existing SparkContext; some configuration may not take effect.
2022-10-01 15:51:16,313 WARN pool-1-thread-1-ScalaTest-running-LoadRddRawDataTest org.apache.spark.util.Utils - Truncated the string representation of a plan since it was too large. This behavior can be adjusted by setting 'spark.debug.maxToStringFields' in SparkEnv.conf.
